  [1m[35m (0.1ms)[0m  [1m[34mSELECT sqlite_version(*)[0m
  ↳ bin/rails:9
  [1m[35m (11.8ms)[0m  [1m[35mCREATE TABLE "schema_migrations" ("version" varchar NOT NULL PRIMARY KEY)[0m
  ↳ bin/rails:9
  [1m[35m (6.0ms)[0m  [1m[35mCREATE TABLE "ar_internal_metadata" ("key" varchar NOT NULL PRIMARY KEY, "value" varchar, "created_at" datetime NOT NULL, "updated_at" datetime NOT NULL)[0m
  ↳ bin/rails:9
  [1m[35m (0.1ms)[0m  [1m[34mSELECT "schema_migrations"."version" FROM "schema_migrations" ORDER BY "schema_migrations"."version" ASC[0m
  ↳ bin/rails:9
Migrating to CreateCars (20190728152920)
  [1m[35m (0.0ms)[0m  [1m[36mbegin transaction[0m
  ↳ bin/rails:9
  [1m[35m (0.3ms)[0m  [1m[35mCREATE TABLE "cars" ("id" integer PRIMARY KEY AUTOINCREMENT NOT NULL, "make" varchar, "model" varchar, "year" integer, "created_at" datetime NOT NULL, "updated_at" datetime NOT NULL)[0m
  ↳ db/migrate/20190728152920_create_cars.rb:3
  [1m[36mActiveRecord::SchemaMigration Create (0.1ms)[0m  [1m[32mINSERT INTO "schema_migrations" ("version") VALUES (?)[0m  [["version", "20190728152920"]]
  ↳ bin/rails:9
  [1m[35m (5.4ms)[0m  [1m[36mcommit transaction[0m
  ↳ bin/rails:9
  [1m[36mActiveRecord::InternalMetadata Load (0.2ms)[0m  [1m[34mSELECT  "ar_internal_metadata".* FROM "ar_internal_metadata" WHERE "ar_internal_metadata"."key" = ? LIMIT ?[0m  [["key", "environment"], ["LIMIT", 1]]
  ↳ bin/rails:9
  [1m[35m (0.1ms)[0m  [1m[36mbegin transaction[0m
  ↳ bin/rails:9
  [1m[36mActiveRecord::InternalMetadata Create (0.3ms)[0m  [1m[32mINSERT INTO "ar_internal_metadata" ("key", "value", "created_at", "updated_at") VALUES (?, ?, ?, ?)[0m  [["key", "environment"], ["value", "development"], ["created_at", "2019-07-28 15:29:41.493212"], ["updated_at", "2019-07-28 15:29:41.493212"]]
  ↳ bin/rails:9
  [1m[35m (8.0ms)[0m  [1m[36mcommit transaction[0m
  ↳ bin/rails:9
  [1m[35m (0.2ms)[0m  [1m[34mSELECT "schema_migrations"."version" FROM "schema_migrations" ORDER BY "schema_migrations"."version" ASC[0m
  ↳ bin/rails:9
Started GET "/cars" for ::1 at 2019-07-28 17:30:52 +0200
  [1m[35m (0.1ms)[0m  [1m[34mSELECT "schema_migrations"."version" FROM "schema_migrations" ORDER BY "schema_migrations"."version" ASC[0m
  ↳ /home/anthony/.rbenv/versions/2.6.3/lib/ruby/gems/2.6.0/gems/activerecord-5.2.3/lib/active_record/log_subscriber.rb:98
Processing by CarsController#index as HTML
  Rendering cars/index.html.erb within layouts/application
  [1m[36mCar Load (0.2ms)[0m  [1m[34mSELECT "cars".* FROM "cars"[0m
  ↳ app/views/cars/index.html.erb:16
  Rendered cars/index.html.erb within layouts/application (4.1ms)
Completed 200 OK in 1562ms (Views: 1554.8ms | ActiveRecord: 0.5ms)


Started GET "/cars/new" for ::1 at 2019-07-28 17:30:57 +0200
Processing by CarsController#new as HTML
  Rendering cars/new.html.erb within layouts/application
  Rendered cars/_form.html.erb (14.8ms)
  Rendered cars/new.html.erb within layouts/application (15.9ms)
Completed 200 OK in 45ms (Views: 32.3ms | ActiveRecord: 0.7ms)


Started POST "/cars" for ::1 at 2019-07-28 17:31:20 +0200
Processing by CarsController#create as HTML
  Parameters: {"utf8"=>"✓", "authenticity_token"=>"NAsUWEtBuk7JAMlcH/Zq7Ao6N+H/2VfO25emtP3v2hs1CA2x74Ow6t0IqBMvidvkWHzuTnS5xgfjNXgCdI6ULg==", "car"=>{"make"=>"Volvo", "model"=>"v23", "year"=>"1989"}, "commit"=>"Create Car"}
  [1m[35m (0.1ms)[0m  [1m[36mbegin transaction[0m
  ↳ app/controllers/cars_controller.rb:30
  [1m[36mCar Create (0.4ms)[0m  [1m[32mINSERT INTO "cars" ("make", "model", "year", "created_at", "updated_at") VALUES (?, ?, ?, ?, ?)[0m  [["make", "Volvo"], ["model", "v23"], ["year", 1989], ["created_at", "2019-07-28 15:31:20.447578"], ["updated_at", "2019-07-28 15:31:20.447578"]]
  ↳ app/controllers/cars_controller.rb:30
  [1m[35m (3.8ms)[0m  [1m[36mcommit transaction[0m
  ↳ app/controllers/cars_controller.rb:30
Redirected to http://localhost:3000/cars/1
Completed 302 Found in 10ms (ActiveRecord: 4.3ms)


Started GET "/cars/1" for ::1 at 2019-07-28 17:31:20 +0200
Processing by CarsController#show as HTML
  Parameters: {"id"=>"1"}
  [1m[36mCar Load (0.2ms)[0m  [1m[34mSELECT  "cars".* FROM "cars" WHERE "cars"."id" = ? LIMIT ?[0m  [["id", 1], ["LIMIT", 1]]
  ↳ app/controllers/cars_controller.rb:67
  Rendering cars/show.html.erb within layouts/application
  Rendered cars/show.html.erb within layouts/application (0.8ms)
Completed 200 OK in 21ms (Views: 17.3ms | ActiveRecord: 0.2ms)


Started GET "/cars/1" for ::1 at 2019-07-28 17:31:50 +0200
Processing by CarsController#show as HTML
  Parameters: {"id"=>"1"}
  [1m[36mCar Load (0.4ms)[0m  [1m[34mSELECT  "cars".* FROM "cars" WHERE "cars"."id" = ? LIMIT ?[0m  [["id", 1], ["LIMIT", 1]]
  ↳ app/controllers/cars_controller.rb:67
  Rendering cars/show.html.erb within layouts/application
  Rendered cars/show.html.erb within layouts/application (0.7ms)
Completed 200 OK in 21ms (Views: 17.3ms | ActiveRecord: 0.4ms)


Started GET "/cars/1" for ::1 at 2019-07-28 17:31:52 +0200
Processing by CarsController#show as HTML
  Parameters: {"id"=>"1"}
  [1m[36mCar Load (0.3ms)[0m  [1m[34mSELECT  "cars".* FROM "cars" WHERE "cars"."id" = ? LIMIT ?[0m  [["id", 1], ["LIMIT", 1]]
  ↳ app/controllers/cars_controller.rb:67
  Rendering cars/show.html.erb within layouts/application
  Rendered cars/show.html.erb within layouts/application (0.7ms)
Completed 200 OK in 24ms (Views: 20.1ms | ActiveRecord: 0.3ms)


Started GET "/cars" for ::1 at 2019-07-28 17:31:56 +0200
Processing by CarsController#index as HTML
  Rendering cars/index.html.erb within layouts/application
  [1m[36mCar Load (0.2ms)[0m  [1m[34mSELECT "cars".* FROM "cars"[0m
  ↳ app/views/cars/index.html.erb:16
  Rendered cars/index.html.erb within layouts/application (3.1ms)
Completed 200 OK in 25ms (Views: 23.3ms | ActiveRecord: 0.2ms)


Started GET "/cars/new" for ::1 at 2019-07-28 17:32:00 +0200
Processing by CarsController#new as HTML
  Rendering cars/new.html.erb within layouts/application
  Rendered cars/_form.html.erb (3.0ms)
  Rendered cars/new.html.erb within layouts/application (4.3ms)
Completed 200 OK in 50ms (Views: 46.9ms | ActiveRecord: 0.0ms)


Started POST "/cars" for ::1 at 2019-07-28 17:32:23 +0200
Processing by CarsController#create as HTML
  Parameters: {"utf8"=>"✓", "authenticity_token"=>"WOxN2/piaRVZGn+KhMDVNRJa3VygMYhi+Ptqrk/xdsBZ71QyXqBjsU0SHsW0v2Q9QBwE8ytRGavAWbQYxpA49Q==", "car"=>{"make"=>"Mercendis", "model"=>"m34", "year"=>"1999"}, "commit"=>"Create Car"}
  [1m[35m (0.1ms)[0m  [1m[36mbegin transaction[0m
  ↳ app/controllers/cars_controller.rb:30
  [1m[36mCar Create (0.3ms)[0m  [1m[32mINSERT INTO "cars" ("make", "model", "year", "created_at", "updated_at") VALUES (?, ?, ?, ?, ?)[0m  [["make", "Mercendis"], ["model", "m34"], ["year", 1999], ["created_at", "2019-07-28 15:32:23.499811"], ["updated_at", "2019-07-28 15:32:23.499811"]]
  ↳ app/controllers/cars_controller.rb:30
  [1m[35m (4.0ms)[0m  [1m[36mcommit transaction[0m
  ↳ app/controllers/cars_controller.rb:30
Redirected to http://localhost:3000/cars/2
Completed 302 Found in 9ms (ActiveRecord: 4.3ms)


Started GET "/cars/2" for ::1 at 2019-07-28 17:32:23 +0200
Processing by CarsController#show as HTML
  Parameters: {"id"=>"2"}
  [1m[36mCar Load (0.1ms)[0m  [1m[34mSELECT  "cars".* FROM "cars" WHERE "cars"."id" = ? LIMIT ?[0m  [["id", 2], ["LIMIT", 1]]
  ↳ app/controllers/cars_controller.rb:67
  Rendering cars/show.html.erb within layouts/application
  Rendered cars/show.html.erb within layouts/application (0.7ms)
Completed 200 OK in 17ms (Views: 15.7ms | ActiveRecord: 0.1ms)


Started GET "/cars" for ::1 at 2019-07-28 17:32:25 +0200
Processing by CarsController#index as HTML
  Rendering cars/index.html.erb within layouts/application
  [1m[36mCar Load (0.3ms)[0m  [1m[34mSELECT "cars".* FROM "cars"[0m
  ↳ app/views/cars/index.html.erb:16
  Rendered cars/index.html.erb within layouts/application (4.6ms)
Completed 200 OK in 27ms (Views: 24.0ms | ActiveRecord: 0.3ms)


Started GET "/cars/new" for ::1 at 2019-07-28 17:32:27 +0200
Processing by CarsController#new as HTML
  Rendering cars/new.html.erb within layouts/application
  Rendered cars/_form.html.erb (4.2ms)
  Rendered cars/new.html.erb within layouts/application (5.5ms)
Completed 200 OK in 25ms (Views: 23.4ms | ActiveRecord: 0.0ms)


Started POST "/cars" for ::1 at 2019-07-28 17:32:48 +0200
Processing by CarsController#create as HTML
  Parameters: {"utf8"=>"✓", "authenticity_token"=>"EwXTheIGh6JebvsgsYuQ1HGBKlNQ0QS7In5/5DilmlUSBspsRsSNBkpmmm+B9CHcI8fz/NuxlXIa3KFSscTUYA==", "car"=>{"make"=>"tonysee", "model"=>"t243", "year"=>"2019"}, "commit"=>"Create Car"}
  [1m[35m (0.1ms)[0m  [1m[36mbegin transaction[0m
  ↳ app/controllers/cars_controller.rb:30
  [1m[36mCar Create (0.3ms)[0m  [1m[32mINSERT INTO "cars" ("make", "model", "year", "created_at", "updated_at") VALUES (?, ?, ?, ?, ?)[0m  [["make", "tonysee"], ["model", "t243"], ["year", 2019], ["created_at", "2019-07-28 15:32:48.390031"], ["updated_at", "2019-07-28 15:32:48.390031"]]
  ↳ app/controllers/cars_controller.rb:30
  [1m[35m (4.1ms)[0m  [1m[36mcommit transaction[0m
  ↳ app/controllers/cars_controller.rb:30
Redirected to http://localhost:3000/cars/3
Completed 302 Found in 9ms (ActiveRecord: 4.4ms)


Started GET "/cars/3" for ::1 at 2019-07-28 17:32:48 +0200
Processing by CarsController#show as HTML
  Parameters: {"id"=>"3"}
  [1m[36mCar Load (0.1ms)[0m  [1m[34mSELECT  "cars".* FROM "cars" WHERE "cars"."id" = ? LIMIT ?[0m  [["id", 3], ["LIMIT", 1]]
  ↳ app/controllers/cars_controller.rb:67
  Rendering cars/show.html.erb within layouts/application
  Rendered cars/show.html.erb within layouts/application (0.7ms)
Completed 200 OK in 19ms (Views: 17.9ms | ActiveRecord: 0.1ms)


Started GET "/cars" for ::1 at 2019-07-28 17:32:51 +0200
Processing by CarsController#index as HTML
  Rendering cars/index.html.erb within layouts/application
  [1m[36mCar Load (0.2ms)[0m  [1m[34mSELECT "cars".* FROM "cars"[0m
  ↳ app/views/cars/index.html.erb:16
  Rendered cars/index.html.erb within layouts/application (5.0ms)
Completed 200 OK in 30ms (Views: 26.8ms | ActiveRecord: 0.2ms)


Started DELETE "/cars/2" for ::1 at 2019-07-28 17:32:56 +0200
Processing by CarsController#destroy as HTML
  Parameters: {"authenticity_token"=>"ljgXz8/GI+RWyRvL2F4bKdPR2vg/7U7RZpxHKnauO2/9rmrt7aBKddb9xU/dbHx6xIc1Jk6kL49zeB3DEi3iyg==", "id"=>"2"}
  [1m[36mCar Load (0.1ms)[0m  [1m[34mSELECT  "cars".* FROM "cars" WHERE "cars"."id" = ? LIMIT ?[0m  [["id", 2], ["LIMIT", 1]]
  ↳ app/controllers/cars_controller.rb:67
  [1m[35m (0.1ms)[0m  [1m[36mbegin transaction[0m
  ↳ app/controllers/cars_controller.rb:57
  [1m[36mCar Destroy (0.2ms)[0m  [1m[31mDELETE FROM "cars" WHERE "cars"."id" = ?[0m  [["id", 2]]
  ↳ app/controllers/cars_controller.rb:57
  [1m[35m (6.9ms)[0m  [1m[36mcommit transaction[0m
  ↳ app/controllers/cars_controller.rb:57
Redirected to http://localhost:3000/cars
Completed 302 Found in 14ms (ActiveRecord: 7.2ms)


Started GET "/cars" for ::1 at 2019-07-28 17:32:56 +0200
Processing by CarsController#index as HTML
  Rendering cars/index.html.erb within layouts/application
  [1m[36mCar Load (0.3ms)[0m  [1m[34mSELECT "cars".* FROM "cars"[0m
  ↳ app/views/cars/index.html.erb:16
  Rendered cars/index.html.erb within layouts/application (5.4ms)
Completed 200 OK in 44ms (Views: 42.9ms | ActiveRecord: 0.3ms)


